{
  "RSpec": {
    "coverage": {
      "/Users/habib/Desktop/wunder/wunder_cart/lib/checkout.rb": [
        null,
        1,
        1,
        18,
        18,
        null,
        null,
        1,
        31,
        null,
        null,
        1,
        4,
        8,
        null,
        4,
        null,
        null,
        1,
        14,
        null,
        14,
        27,
        27,
        null,
        null,
        14,
        14,
        null,
        null,
        1,
        null,
        1,
        1,
        null,
        1,
        27,
        null,
        27,
        71,
        null,
        null,
        27,
        null,
        null
      ],
      "/Users/habib/Desktop/wunder/wunder_cart/lib/item.rb": [
        null,
        1,
        1,
        null,
        1,
        33,
        33,
        33,
        null,
        null
      ],
      "/Users/habib/Desktop/wunder/wunder_cart/lib/pricing_rule.rb": [
        null,
        1,
        1,
        null,
        1,
        null,
        1,
        15,
        15,
        null,
        null,
        1,
        5,
        6,
        4,
        null,
        2,
        null,
        null,
        null,
        null,
        1,
        6,
        14,
        6,
        null,
        null,
        null,
        null,
        1,
        23,
        null,
        1,
        null,
        7,
        null,
        15,
        null,
        null,
        null,
        1,
        null,
        1,
        null
      ],
      "/Users/habib/Desktop/wunder/wunder_cart/lib/promotion_service.rb": [
        null,
        1,
        1,
        24,
        null,
        null,
        1,
        12,
        null,
        12,
        8,
        5,
        null,
        null,
        null,
        12,
        null,
        null,
        1,
        19,
        null,
        19,
        22,
        12,
        null,
        null,
        null,
        19,
        13,
        null,
        6,
        null,
        null,
        null,
        1,
        null,
        1,
        null
      ],
      "/Users/habib/Desktop/wunder/wunder_cart/spec/integration_spec.rb": [
        1,
        null,
        1,
        4,
        4,
        3,
        4,
        null,
        1,
        1,
        1,
        1,
        null,
        null,
        1,
        1,
        1,
        1,
        1,
        null,
        null,
        1,
        1,
        null,
        null,
        null,
        1,
        1,
        1,
        1,
        1,
        null,
        null,
        1,
        1,
        null,
        null,
        null,
        1,
        1,
        1,
        1,
        1,
        1,
        null,
        null,
        1,
        1,
        null,
        null,
        null
      ],
      "/Users/habib/Desktop/wunder/wunder_cart/spec/item_spec.rb": [
        1,
        null,
        1,
        4,
        null,
        1,
        1,
        null,
        null,
        1,
        1,
        null,
        null,
        1,
        1,
        null,
        null
      ],
      "/Users/habib/Desktop/wunder/wunder_cart/spec/pricing_rule_spec.rb": [
        1,
        null,
        1,
        2,
        null,
        1,
        1,
        1,
        null,
        null,
        null,
        1,
        1,
        1,
        1,
        1,
        null,
        1,
        null,
        null,
        1,
        1,
        1,
        null,
        1,
        null,
        null,
        1,
        1,
        1,
        null,
        1,
        null,
        null,
        null,
        1,
        6,
        null,
        1,
        1,
        null,
        null,
        1,
        1,
        1,
        null,
        null,
        1,
        1,
        1,
        null,
        null,
        1,
        1,
        1,
        null,
        null,
        1,
        1,
        1,
        null,
        null,
        null,
        1,
        5,
        null,
        1,
        1,
        null,
        null,
        1,
        1,
        1,
        null,
        null,
        1,
        1,
        1,
        null,
        null,
        1,
        1,
        1,
        null,
        null,
        null
      ],
      "/Users/habib/Desktop/wunder/wunder_cart/spec/promotion_service_spec.rb": [
        1,
        null,
        1,
        7,
        4,
        5,
        null,
        1,
        1,
        4,
        5,
        null,
        null,
        1,
        2,
        1,
        null,
        1,
        null,
        null,
        1,
        1,
        1,
        null,
        null,
        1,
        1,
        null,
        1,
        1,
        null,
        null,
        null,
        1,
        1,
        4,
        5,
        null,
        null,
        1,
        2,
        1,
        null,
        1,
        null,
        null,
        1,
        1,
        1,
        null,
        null,
        1,
        1,
        null,
        1,
        1,
        null,
        null,
        null
      ]
    },
    "timestamp": 1529974145
  }
}
